SF:lib/features/movies/data/models/genre_model.dart
DA:6,6
DA:14,10
DA:15,5
DA:16,5
DA:19,6
DA:20,3
DA:21,3
DA:24,1
DA:25,3
DA:28,5
DA:29,15
LF:11
LH:11
end_of_record
SF:lib/features/movies/data/models/movie_detail_model.dart
DA:7,3
DA:53,2
DA:54,2
DA:55,2
DA:56,2
DA:57,2
DA:58,2
DA:59,8
DA:60,2
DA:61,2
DA:62,2
DA:63,2
DA:64,2
DA:65,2
DA:66,4
DA:67,2
DA:68,2
DA:69,2
DA:70,2
DA:71,2
DA:72,2
DA:73,2
DA:74,2
DA:75,4
DA:76,2
DA:79,2
DA:80,1
DA:81,1
DA:82,1
DA:83,5
DA:84,1
DA:85,1
DA:86,1
DA:87,1
DA:88,1
DA:89,1
DA:90,1
DA:91,1
DA:92,1
DA:93,1
DA:94,1
DA:95,1
DA:96,1
DA:97,1
DA:98,1
DA:99,1
DA:100,1
DA:103,1
DA:104,1
DA:105,1
DA:106,1
DA:107,5
DA:108,1
DA:109,1
DA:110,1
DA:111,1
DA:112,1
DA:113,1
DA:114,1
DA:115,1
DA:116,1
DA:120,2
DA:121,2
DA:122,2
DA:123,2
DA:124,2
DA:125,2
DA:126,2
DA:127,2
DA:128,2
DA:129,2
DA:130,2
DA:131,2
DA:132,2
DA:133,2
DA:134,2
DA:135,2
DA:136,2
DA:137,2
DA:138,2
DA:139,2
DA:140,2
DA:141,2
DA:142,2
LF:84
LH:84
end_of_record
SF:lib/features/movies/data/models/movie_table.dart
DA:12,3
DA:19,4
DA:20,2
DA:21,2
DA:22,2
DA:23,2
DA:26,4
DA:27,2
DA:28,2
DA:29,2
DA:30,2
DA:33,2
DA:34,1
DA:35,1
DA:36,1
DA:37,1
DA:40,2
DA:41,1
DA:42,1
DA:43,1
DA:44,1
DA:47,3
DA:48,15
LF:23
LH:23
end_of_record
SF:lib/features/movies/domain/entities/genre.dart
DA:4,17
DA:12,1
DA:13,3
LF:3
LH:3
end_of_record
SF:lib/features/movies/domain/entities/movie.dart
DA:4,16
DA:20,1
DA:41,2
DA:42,2
DA:43,2
DA:44,2
DA:45,2
DA:46,2
DA:47,2
DA:48,2
DA:49,2
DA:50,2
DA:51,2
DA:52,2
DA:53,2
DA:54,2
DA:55,2
LF:17
LH:17
end_of_record
SF:lib/features/movies/domain/entities/movie_detail.dart
DA:6,9
DA:34,1
DA:35,1
DA:36,1
DA:37,1
DA:38,1
DA:39,1
DA:40,1
DA:41,1
DA:42,1
DA:43,1
DA:44,1
DA:45,1
DA:46,1
LF:14
LH:14
end_of_record
SF:lib/features/tvs/data/models/seasons_model.dart
DA:14,3
DA:24,3
DA:25,3
DA:26,3
DA:27,3
DA:28,3
DA:29,3
DA:30,3
DA:31,3
DA:32,3
DA:36,2
DA:37,2
DA:38,2
DA:39,2
DA:40,2
DA:41,2
DA:42,2
DA:43,2
DA:44,2
DA:48,0
DA:49,0
DA:50,0
DA:51,0
DA:52,0
DA:53,0
DA:54,0
DA:55,0
DA:56,0
DA:60,3
DA:61,3
DA:62,3
DA:63,3
DA:64,3
DA:65,3
DA:66,3
DA:67,3
DA:68,3
LF:37
LH:28
end_of_record
SF:lib/features/tvs/data/models/tv_show_detail_model.dart
DA:21,2
DA:35,2
DA:36,2
DA:37,2
DA:38,2
DA:39,2
DA:40,8
DA:41,2
DA:42,2
DA:43,2
DA:44,2
DA:45,2
DA:46,2
DA:47,2
DA:48,2
DA:49,2
DA:50,8
DA:54,1
DA:55,1
DA:56,1
DA:57,1
DA:58,5
DA:59,1
DA:60,1
DA:61,1
DA:62,1
DA:63,1
DA:64,1
DA:65,1
DA:66,1
DA:67,5
DA:71,0
DA:72,0
DA:73,0
DA:74,0
DA:75,0
DA:76,0
DA:77,0
DA:78,0
DA:79,0
DA:80,0
DA:81,0
DA:82,0
DA:83,0
DA:84,0
DA:88,2
DA:89,2
DA:90,2
DA:91,2
DA:92,2
DA:93,2
DA:94,2
DA:95,2
DA:96,2
DA:97,2
DA:98,2
DA:99,2
DA:100,2
DA:101,2
LF:59
LH:45
end_of_record
SF:lib/features/tvs/data/models/tv_show_model.dart
DA:17,4
DA:31,4
DA:46,3
DA:47,3
DA:48,3
DA:49,3
DA:50,3
DA:51,3
DA:52,3
DA:53,3
DA:54,3
DA:55,3
DA:56,3
DA:57,3
DA:58,3
DA:59,3
DA:60,3
DA:63,2
DA:64,2
DA:65,2
DA:66,2
DA:67,2
DA:68,2
DA:69,2
DA:70,2
DA:71,2
DA:72,2
DA:73,2
DA:74,2
DA:75,2
DA:76,2
DA:77,2
DA:81,1
DA:82,1
DA:83,1
DA:84,1
DA:85,1
DA:86,1
DA:87,1
DA:88,1
DA:89,1
DA:90,1
DA:91,1
DA:92,1
DA:93,1
DA:94,1
DA:95,1
LF:47
LH:47
end_of_record
SF:lib/features/tvs/data/models/tv_table.dart
DA:12,3
DA:19,4
DA:20,2
DA:21,2
DA:22,2
DA:23,2
DA:26,4
DA:27,2
DA:28,2
DA:29,2
DA:30,2
DA:33,2
DA:34,1
DA:35,1
DA:36,1
DA:37,1
DA:40,4
DA:41,2
DA:42,2
DA:43,2
DA:44,2
DA:47,3
DA:48,15
LF:23
LH:23
end_of_record
SF:lib/features/tvs/domain/entities/season.dart
DA:12,8
DA:22,0
DA:23,0
DA:24,0
DA:25,0
DA:26,0
DA:27,0
DA:28,0
DA:29,0
DA:30,0
LF:10
LH:1
end_of_record
SF:lib/features/tvs/domain/entities/tv.dart
DA:18,4
DA:34,2
DA:41,5
DA:42,5
DA:43,5
DA:44,5
DA:45,5
DA:46,5
DA:47,5
DA:48,5
DA:49,5
DA:50,5
DA:51,5
DA:52,5
DA:53,5
DA:54,5
DA:55,5
LF:17
LH:17
end_of_record
SF:lib/features/tvs/domain/entities/tv_show_detail.dart
DA:7,8
DA:34,0
DA:35,0
DA:36,0
DA:37,0
DA:38,0
DA:39,0
DA:40,0
DA:41,0
DA:42,0
DA:43,0
DA:44,0
DA:45,0
DA:46,0
DA:47,0
LF:15
LH:1
end_of_record
SF:lib/common/exception.dart
DA:6,4
LF:1
LH:1
end_of_record
SF:lib/features/tvs/data/datasources/tv_show_local_data_source.dart
DA:15,1
DA:18,1
DA:19,3
DA:21,1
DA:28,1
DA:29,3
DA:30,4
DA:34,1
DA:36,3
DA:39,2
DA:44,1
DA:46,3
DA:49,2
LF:13
LH:13
end_of_record
SF:lib/common/db/database_helper.dart
DA:7,0
DA:11,0
DA:15,0
DA:17,0
DA:24,0
DA:25,0
DA:26,0
DA:28,0
DA:32,0
DA:33,0
DA:41,0
DA:44,0
DA:45,0
DA:46,0
DA:49,0
DA:50,0
DA:51,0
DA:54,0
DA:58,0
DA:59,0
DA:60,0
DA:63,0
DA:66,0
DA:67,0
DA:73,0
DA:74,0
DA:75,0
LF:27
LH:0
end_of_record
SF:lib/common/failure.dart
DA:6,18
DA:8,2
DA:9,4
DA:13,0
DA:17,36
DA:21,4
DA:25,4
LF:7
LH:6
end_of_record
SF:lib/features/movies/data/datasources/movie_local_data_source.dart
DA:15,1
DA:18,1
DA:20,3
DA:23,2
DA:28,1
DA:30,3
DA:33,2
DA:38,1
DA:39,3
DA:41,1
DA:48,1
DA:49,3
DA:50,4
LF:13
LH:13
end_of_record
SF:lib/features/movies/data/datasources/movie_remote_data_source.dart
DA:25,1
DA:28,1
DA:30,5
DA:32,2
DA:33,4
DA:35,1
DA:40,1
DA:42,5
DA:44,2
DA:45,3
DA:47,1
DA:52,1
DA:53,2
DA:54,3
DA:56,2
DA:57,4
DA:59,1
DA:64,1
DA:66,5
DA:68,2
DA:69,4
DA:71,1
DA:76,1
DA:78,5
DA:80,2
DA:81,4
DA:83,1
DA:88,1
DA:89,2
DA:90,3
DA:92,2
DA:93,4
DA:95,1
LF:33
LH:33
end_of_record
SF:lib/features/movies/data/models/movie_model.dart
DA:6,4
DA:36,4
DA:37,2
DA:38,2
DA:39,8
DA:40,2
DA:41,2
DA:42,2
DA:43,4
DA:44,2
DA:45,2
DA:46,2
DA:47,2
DA:48,4
DA:49,2
DA:52,2
DA:53,1
DA:54,1
DA:55,4
DA:56,1
DA:57,1
DA:58,1
DA:59,1
DA:60,1
DA:61,1
DA:62,1
DA:63,1
DA:64,1
DA:65,1
DA:68,2
DA:69,2
DA:70,2
DA:71,2
DA:72,2
DA:73,2
DA:74,2
DA:75,2
DA:76,2
DA:77,2
DA:78,2
DA:79,2
DA:80,2
DA:81,2
DA:82,2
DA:86,2
DA:87,2
DA:88,2
DA:89,2
DA:90,2
DA:91,2
DA:92,2
DA:93,2
DA:94,2
DA:95,2
DA:96,2
DA:97,2
DA:98,2
DA:99,2
DA:100,2
LF:59
LH:59
end_of_record
SF:lib/features/tvs/data/datasources/tv_show_remote_data_source.dart
DA:25,1
DA:28,1
DA:30,5
DA:31,2
DA:32,4
DA:34,1
DA:39,1
DA:41,5
DA:42,2
DA:43,4
DA:45,1
DA:50,1
DA:52,5
DA:53,2
DA:54,4
DA:56,1
DA:61,1
DA:62,5
DA:63,2
DA:64,3
DA:66,0
DA:71,0
DA:72,0
DA:73,0
DA:74,0
DA:75,0
DA:77,0
DA:82,0
DA:83,0
DA:84,0
DA:86,0
DA:87,0
DA:89,0
LF:33
LH:20
end_of_record
SF:lib/features/tvs/data/models/tv_show_response.dart
DA:8,2
DA:10,4
DA:11,4
DA:12,6
DA:13,6
DA:16,2
DA:17,5
DA:20,1
DA:21,2
LF:9
LH:9
end_of_record
SF:lib/features/movies/data/models/movie_response.dart
DA:8,2
DA:10,4
DA:11,4
DA:12,6
DA:13,6
DA:16,2
DA:17,5
DA:20,1
DA:21,2
LF:9
LH:9
end_of_record
SF:lib/features/tvs/domain/usecases/get_tv_recommendations.dart
DA:9,1
DA:11,1
DA:12,2
LF:3
LH:3
end_of_record
SF:lib/common/utils.dart
DA:3,9
LF:1
LH:1
end_of_record
SF:lib/features/movies/presentation/blocs/movie_detail/movie_detail_state.dart
DA:4,3
DA:6,1
DA:7,1
DA:17,3
DA:23,1
LF:5
LH:5
end_of_record
SF:lib/features/movies/presentation/blocs/movie_detail/movie_detail_event.dart
DA:4,3
DA:6,0
DA:7,0
DA:13,3
LF:4
LH:2
end_of_record
SF:lib/features/movies/presentation/blocs/movie_detail/movie_detail_bloc.dart
DA:11,3
DA:12,2
DA:13,2
DA:14,4
DA:16,1
DA:17,4
DA:18,3
LF:7
LH:7
end_of_record
SF:lib/features/movies/presentation/blocs/now_playing_movie/now_playing_movie_event.dart
DA:4,3
DA:6,0
DA:7,0
LF:3
LH:1
end_of_record
SF:lib/features/movies/presentation/blocs/now_playing_movie/now_playing_movie_state.dart
DA:4,3
DA:6,1
DA:7,1
DA:17,3
DA:23,2
LF:5
LH:5
end_of_record
SF:lib/features/movies/presentation/blocs/now_playing_movie/now_playing_movie_bloc.dart
DA:12,1
DA:13,2
DA:14,2
DA:15,2
DA:16,3
DA:18,1
DA:19,4
DA:20,3
LF:8
LH:8
end_of_record
SF:lib/features/movies/presentation/blocs/popular_movie/popular_movie_event.dart
DA:4,4
DA:6,0
DA:7,0
LF:3
LH:1
end_of_record
SF:lib/features/movies/presentation/blocs/popular_movie/popular_movie_state.dart
DA:4,4
DA:6,1
DA:7,1
DA:17,4
DA:23,3
LF:5
LH:5
end_of_record
SF:lib/features/movies/presentation/blocs/popular_movie/popular_movie_bloc.dart
DA:11,3
DA:12,2
DA:13,2
DA:14,3
DA:16,1
DA:17,4
DA:18,3
LF:7
LH:7
end_of_record
SF:lib/features/movies/presentation/blocs/recomendation_movie/recomendation_movie_state.dart
DA:4,3
DA:6,1
DA:7,1
DA:17,3
DA:23,1
LF:5
LH:5
end_of_record
SF:lib/features/movies/presentation/blocs/recomendation_movie/recomendation_movie_event.dart
DA:4,3
DA:6,0
DA:7,0
DA:13,3
LF:4
LH:2
end_of_record
SF:lib/features/movies/presentation/blocs/recomendation_movie/recomendation_movie_bloc.dart
DA:12,1
DA:13,2
DA:14,2
DA:15,2
DA:16,4
DA:18,1
DA:19,4
DA:20,3
LF:8
LH:8
end_of_record
SF:lib/features/movies/presentation/blocs/search_movie/search_movie_event.dart
DA:4,1
DA:6,0
DA:7,0
DA:13,1
LF:4
LH:2
end_of_record
SF:lib/features/movies/presentation/blocs/search_movie/search_movie_state.dart
DA:4,2
DA:6,1
DA:7,1
DA:17,2
DA:23,2
LF:5
LH:5
end_of_record
SF:lib/features/movies/presentation/blocs/search_movie/search_movie_bloc.dart
DA:12,3
DA:13,2
DA:14,2
DA:15,4
DA:17,1
DA:18,4
DA:19,3
DA:21,1
DA:25,1
DA:26,3
LF:10
LH:10
end_of_record
SF:lib/features/movies/presentation/blocs/top_rated_movie/top_rated_movie_event.dart
DA:4,4
DA:6,0
DA:7,0
LF:3
LH:1
end_of_record
SF:lib/features/movies/presentation/blocs/top_rated_movie/top_rated_movie_state.dart
DA:4,4
DA:6,1
DA:7,1
DA:17,4
DA:23,3
LF:5
LH:5
end_of_record
SF:lib/features/movies/presentation/blocs/top_rated_movie/top_rated_movie_bloc.dart
DA:11,3
DA:12,2
DA:13,2
DA:14,3
DA:16,1
DA:17,4
DA:18,3
LF:7
LH:7
end_of_record
SF:lib/features/movies/presentation/blocs/watchlist_movie/watchlist_movie_event.dart
DA:4,2
DA:6,0
DA:7,0
LF:3
LH:1
end_of_record
SF:lib/features/movies/presentation/blocs/watchlist_movie/watchlist_movie_state.dart
DA:4,2
DA:6,1
DA:7,1
DA:17,2
DA:23,2
LF:5
LH:5
end_of_record
SF:lib/features/movies/presentation/blocs/watchlist_movie/watchlist_movie_bloc.dart
DA:12,1
DA:13,2
DA:14,2
DA:15,2
DA:16,3
DA:18,1
DA:19,4
DA:20,3
LF:8
LH:8
end_of_record
SF:lib/features/movies/presentation/blocs/watchlist_movie_event/watchlist_movie_event_bloc.dart
DA:14,1
DA:16,2
DA:17,2
DA:18,2
DA:19,4
DA:20,1
DA:21,4
DA:22,3
DA:25,2
DA:26,2
DA:27,4
DA:28,1
DA:29,4
DA:30,3
LF:14
LH:14
end_of_record
SF:lib/features/movies/presentation/blocs/watchlist_movie_event/watchlist_movie_event_state.dart
DA:4,3
DA:6,1
DA:7,1
DA:17,2
DA:23,1
LF:5
LH:5
end_of_record
SF:lib/features/movies/presentation/blocs/watchlist_movie_event/watchlist_movie_event_event.dart
DA:4,2
DA:6,0
DA:7,0
DA:13,1
DA:19,2
LF:5
LH:3
end_of_record
SF:lib/features/movies/presentation/blocs/watchlist_movie_status/watchlist_movie_status_event.dart
DA:4,3
DA:6,0
DA:7,0
DA:13,3
LF:4
LH:2
end_of_record
SF:lib/features/movies/presentation/blocs/watchlist_movie_status/watchlist_movie_status_state.dart
DA:4,3
DA:6,1
DA:7,1
LF:3
LH:3
end_of_record
SF:lib/features/movies/presentation/blocs/watchlist_movie_status/watchlist_movie_status_bloc.dart
DA:11,1
DA:12,2
DA:13,2
DA:14,4
DA:16,2
DA:18,2
LF:6
LH:6
end_of_record
SF:lib/features/movies/presentation/pages/about_page.dart
DA:8,0
DA:10,0
DA:11,0
DA:12,0
DA:13,0
DA:14,0
DA:15,0
DA:16,0
DA:18,0
DA:19,0
DA:26,0
DA:27,0
DA:30,0
DA:32,0
DA:39,0
DA:40,0
DA:41,0
DA:42,0
LF:18
LH:0
end_of_record
SF:lib/features/movies/presentation/pages/home_movie_page.dart
DA:20,2
DA:21,2
DA:25,2
DA:27,2
DA:28,8
DA:29,8
DA:30,8
DA:33,2
DA:35,2
DA:36,2
DA:37,2
DA:38,2
DA:39,2
DA:40,2
DA:41,2
DA:43,2
DA:44,2
DA:46,2
DA:47,2
DA:48,2
DA:49,0
DA:50,0
DA:53,2
DA:54,2
DA:55,2
DA:56,0
DA:57,0
DA:60,2
DA:61,2
DA:62,2
DA:63,0
DA:64,0
DA:67,2
DA:68,2
DA:69,2
DA:70,0
DA:71,0
DA:74,2
DA:75,0
DA:76,0
DA:78,2
DA:79,2
DA:84,2
DA:85,2
DA:86,2
DA:87,2
DA:88,0
DA:89,0
DA:91,2
DA:95,2
DA:97,2
DA:98,2
DA:100,2
DA:101,2
DA:103,2
DA:105,2
DA:106,2
DA:107,2
DA:108,1
DA:109,1
DA:111,2
DA:112,4
DA:114,1
DA:118,2
DA:120,2
DA:121,1
DA:122,1
DA:124,2
DA:125,2
DA:126,2
DA:127,1
DA:128,1
DA:130,2
DA:131,4
DA:133,1
DA:137,2
DA:139,2
DA:140,1
DA:141,1
DA:143,2
DA:144,2
DA:145,2
DA:146,1
DA:147,1
DA:149,2
DA:150,4
DA:152,1
DA:163,2
DA:165,2
DA:167,2
DA:168,2
DA:170,2
DA:172,2
DA:175,2
DA:177,2
DA:178,6
DA:190,2
DA:192,2
DA:194,2
DA:196,2
DA:198,2
DA:199,4
DA:200,2
DA:202,2
DA:203,4
DA:204,1
DA:205,1
DA:208,1
DA:211,2
DA:212,4
DA:213,2
DA:214,4
DA:215,4
DA:216,2
DA:218,0
DA:224,4
LF:116
LH:103
end_of_record
SF:lib/features/movies/presentation/pages/movie_detail_page.dart
DA:17,2
DA:19,2
DA:20,2
DA:24,2
DA:26,2
DA:27,2
DA:28,2
DA:29,8
DA:30,12
DA:31,2
DA:32,2
DA:33,8
DA:36,2
DA:38,2
DA:39,2
DA:40,2
DA:41,2
DA:42,1
DA:43,1
DA:45,2
DA:46,2
DA:47,2
DA:48,2
DA:50,0
DA:51,0
DA:53,0
DA:64,2
DA:66,2
DA:68,6
DA:69,2
DA:70,2
DA:71,2
DA:72,2
DA:73,6
DA:75,4
DA:76,2
DA:78,0
DA:80,2
DA:82,2
DA:83,2
DA:84,2
DA:85,2
DA:87,4
DA:94,2
DA:95,2
DA:96,2
DA:98,2
DA:100,2
DA:102,2
DA:103,2
DA:104,4
DA:105,2
DA:107,2
DA:108,2
DA:110,2
DA:111,2
DA:112,1
DA:113,1
DA:114,1
DA:115,1
DA:116,1
DA:117,2
DA:119,1
DA:121,1
DA:122,1
DA:123,1
DA:129,2
DA:131,2
DA:132,2
DA:133,2
DA:134,0
DA:136,0
DA:137,0
DA:139,0
DA:140,0
DA:141,0
DA:143,2
DA:145,2
DA:146,2
DA:147,2
DA:152,1
DA:153,1
DA:155,1
DA:156,3
DA:158,1
DA:159,2
DA:160,2
DA:162,1
DA:164,1
DA:165,1
DA:166,1
DA:175,2
DA:176,6
DA:177,2
DA:179,2
DA:180,6
DA:181,2
DA:183,2
DA:184,2
DA:185,2
DA:186,6
DA:188,4
DA:194,8
DA:197,2
DA:198,2
DA:200,2
DA:202,2
DA:203,4
DA:205,2
DA:206,2
DA:208,2
DA:210,2
DA:212,2
DA:213,2
DA:214,0
DA:215,0
DA:217,2
DA:218,0
DA:219,2
DA:220,2
DA:222,2
DA:224,2
DA:225,4
DA:226,2
DA:228,2
DA:229,0
DA:230,0
DA:233,0
DA:236,2
DA:237,2
DA:238,2
DA:240,2
DA:242,4
DA:243,2
DA:244,2
DA:246,2
DA:249,0
DA:250,0
DA:256,4
DA:260,0
DA:268,2
DA:270,2
DA:285,2
DA:287,2
DA:290,2
DA:291,2
DA:292,0
DA:293,0
DA:302,2
DA:304,4
DA:305,6
DA:308,2
DA:312,6
DA:315,2
DA:316,2
DA:317,2
DA:319,2
DA:320,2
DA:322,0
LF:159
LH:137
end_of_record
SF:lib/features/movies/presentation/pages/popular_movies_page.dart
DA:9,2
DA:10,2
DA:14,2
DA:16,2
DA:17,8
DA:20,2
DA:22,2
DA:23,2
DA:24,2
DA:26,2
DA:28,2
DA:29,2
DA:30,2
DA:31,1
DA:32,1
DA:34,2
DA:35,2
DA:36,2
DA:37,4
DA:38,2
DA:40,4
DA:42,1
DA:43,1
DA:44,1
DA:45,2
DA:48,0
DA:49,0
LF:27
LH:25
end_of_record
SF:lib/features/movies/presentation/pages/search_page.dart
DA:10,1
DA:12,1
DA:13,1
DA:14,1
DA:16,1
DA:18,1
DA:20,1
DA:21,1
DA:22,0
DA:23,0
DA:26,0
DA:28,1
DA:30,1
DA:31,1
DA:35,1
DA:36,1
DA:38,1
DA:40,1
DA:41,1
DA:42,1
DA:43,1
DA:44,1
DA:46,1
DA:47,1
DA:48,1
DA:50,1
DA:51,2
DA:52,1
DA:54,2
DA:57,1
DA:58,1
DA:59,2
DA:62,0
DA:63,0
LF:34
LH:29
end_of_record
SF:lib/features/movies/presentation/pages/top_rated_movies_page.dart
DA:9,2
DA:10,2
DA:14,2
DA:16,2
DA:17,8
DA:20,2
DA:22,2
DA:23,2
DA:24,2
DA:26,2
DA:28,2
DA:29,2
DA:30,2
DA:31,1
DA:32,1
DA:34,2
DA:35,2
DA:36,2
DA:37,4
DA:38,2
DA:40,4
DA:42,1
DA:43,1
DA:44,1
DA:45,2
DA:48,0
DA:49,0
LF:27
LH:25
end_of_record
SF:lib/features/movies/presentation/pages/watchlist_movies_page.dart
DA:10,1
DA:11,1
DA:16,1
DA:18,1
DA:19,4
DA:22,1
DA:24,1
DA:25,4
DA:28,1
DA:30,1
DA:31,1
DA:32,1
DA:34,1
DA:36,1
DA:37,1
DA:38,1
DA:39,1
DA:40,1
DA:42,1
DA:43,1
DA:44,1
DA:45,2
DA:46,1
DA:48,2
DA:50,1
DA:51,1
DA:52,1
DA:53,2
DA:56,0
DA:57,0
DA:65,1
DA:67,2
DA:68,1
LF:33
LH:31
end_of_record
SF:lib/features/tvs/presentation/blocs/now_playing_tv_show/now_playing_tv_show_event.dart
DA:4,3
DA:6,0
DA:7,0
LF:3
LH:1
end_of_record
SF:lib/features/tvs/presentation/blocs/now_playing_tv_show/now_playing_tv_show_state.dart
DA:4,3
DA:6,1
DA:7,1
DA:17,3
DA:23,3
LF:5
LH:5
end_of_record
SF:lib/features/tvs/presentation/blocs/now_playing_tv_show/now_playing_tv_show_bloc.dart
DA:13,1
DA:14,2
DA:15,2
DA:16,2
DA:17,3
DA:18,1
DA:19,4
DA:20,3
LF:8
LH:8
end_of_record
SF:lib/features/tvs/presentation/blocs/popular/popular_tv_show_state.dart
DA:4,3
DA:6,1
DA:7,1
DA:17,3
DA:23,3
LF:5
LH:5
end_of_record
SF:lib/features/tvs/presentation/blocs/popular/popular_tv_show_bloc.dart
DA:11,1
DA:12,2
DA:13,2
DA:14,2
DA:15,3
DA:17,1
DA:18,4
DA:19,3
LF:8
LH:8
end_of_record
SF:lib/features/tvs/presentation/blocs/popular/popular_tv_show_event.dart
DA:4,3
DA:6,0
DA:7,0
LF:3
LH:1
end_of_record
SF:lib/features/tvs/presentation/blocs/recomendation_tv_show/recomendation_tv_show_event.dart
DA:4,2
DA:6,0
DA:7,0
DA:13,2
LF:4
LH:2
end_of_record
SF:lib/features/tvs/presentation/blocs/recomendation_tv_show/recomendation_tv_show_state.dart
DA:4,2
DA:6,1
DA:7,1
DA:16,2
DA:21,1
LF:5
LH:5
end_of_record
SF:lib/features/tvs/presentation/blocs/recomendation_tv_show/recomendation_tv_show_bloc.dart
DA:13,1
DA:14,2
DA:15,2
DA:16,2
DA:17,4
DA:19,1
DA:20,4
DA:21,3
LF:8
LH:8
end_of_record
SF:lib/features/tvs/presentation/blocs/search_tv_show/search_tv_show_bloc.dart
DA:13,3
DA:14,2
DA:15,2
DA:16,1
DA:17,3
DA:19,1
DA:20,4
DA:21,3
DA:23,1
DA:27,1
DA:28,3
LF:11
LH:11
end_of_record
SF:lib/features/tvs/presentation/blocs/search_tv_show/search_tv_show_state.dart
DA:4,2
DA:6,1
DA:7,1
DA:17,2
DA:23,2
LF:5
LH:5
end_of_record
SF:lib/features/tvs/presentation/blocs/search_tv_show/search_tv_show_event.dart
DA:4,1
DA:6,0
DA:7,0
DA:12,1
LF:4
LH:2
end_of_record
SF:lib/features/tvs/presentation/blocs/top_rate_tv_show/top_rate_tv_show_event.dart
DA:4,3
DA:6,0
DA:7,0
LF:3
LH:1
end_of_record
SF:lib/features/tvs/presentation/blocs/top_rate_tv_show/top_rate_tv_show_state.dart
DA:4,3
DA:6,1
DA:7,1
DA:17,3
DA:23,3
LF:5
LH:5
end_of_record
SF:lib/features/tvs/presentation/blocs/top_rate_tv_show/top_rate_tv_show_bloc.dart
DA:11,1
DA:12,2
DA:13,2
DA:14,2
DA:15,3
DA:16,1
DA:17,4
DA:18,3
LF:8
LH:8
end_of_record
SF:lib/features/tvs/presentation/blocs/tv_show_detail/tv_show_detail_state.dart
DA:4,2
DA:6,1
DA:7,1
DA:17,2
DA:23,1
LF:5
LH:5
end_of_record
SF:lib/features/tvs/presentation/blocs/tv_show_detail/tv_show_detail_event.dart
DA:4,2
DA:6,0
DA:7,0
DA:12,2
LF:4
LH:2
end_of_record
SF:lib/features/tvs/presentation/blocs/tv_show_detail/tv_show_detail_bloc.dart
DA:11,1
DA:13,2
DA:14,2
DA:15,2
DA:16,1
DA:17,3
DA:18,1
DA:19,4
DA:20,3
LF:9
LH:9
end_of_record
SF:lib/features/tvs/presentation/blocs/watchlist_event/watchlist_event_bloc.dart
DA:14,1
DA:16,2
DA:17,2
DA:18,2
DA:19,4
DA:21,1
DA:22,4
DA:23,3
DA:26,2
DA:27,2
DA:28,4
DA:30,1
DA:31,4
DA:32,3
LF:14
LH:14
end_of_record
SF:lib/features/tvs/presentation/blocs/watchlist_event/watchlist_event_event.dart
DA:4,2
DA:6,0
DA:7,0
DA:13,2
DA:19,1
LF:5
LH:3
end_of_record
SF:lib/features/tvs/presentation/blocs/watchlist_event/watchlist_event_state.dart
DA:4,2
DA:6,1
DA:7,1
DA:17,2
DA:23,1
LF:5
LH:5
end_of_record
SF:lib/features/tvs/presentation/blocs/watchlist_status/watchlist_status_event.dart
DA:4,2
DA:6,0
DA:7,0
DA:13,2
LF:4
LH:2
end_of_record
SF:lib/features/tvs/presentation/blocs/watchlist_status/watchlist_status_state.dart
DA:4,2
DA:6,1
DA:7,1
LF:3
LH:3
end_of_record
SF:lib/features/tvs/presentation/blocs/watchlist_status/watchlist_status_bloc.dart
DA:11,1
DA:12,2
DA:13,2
DA:14,4
DA:16,2
DA:18,2
LF:6
LH:6
end_of_record
SF:lib/features/tvs/presentation/blocs/watchlist_tv_show/watchlist_tv_show_state.dart
DA:4,2
DA:6,1
DA:7,1
DA:17,2
DA:23,2
LF:5
LH:5
end_of_record
SF:lib/features/tvs/presentation/blocs/watchlist_tv_show/watchlist_tv_show_event.dart
DA:4,2
DA:6,0
DA:7,0
LF:3
LH:1
end_of_record
SF:lib/features/tvs/presentation/blocs/watchlist_tv_show/watchlist_tv_show_bloc.dart
DA:12,1
DA:13,2
DA:14,2
DA:15,2
DA:16,3
DA:17,1
DA:18,4
DA:19,3
LF:8
LH:8
end_of_record
SF:lib/features/tvs/presentation/pages/home_tv_page.dart
DA:20,1
DA:21,1
DA:25,1
DA:27,1
DA:28,4
DA:29,4
DA:30,4
DA:33,1
DA:35,1
DA:36,1
DA:37,1
DA:38,1
DA:39,1
DA:40,1
DA:41,1
DA:43,1
DA:44,1
DA:46,1
DA:47,1
DA:48,1
DA:49,0
DA:50,0
DA:53,1
DA:54,1
DA:55,1
DA:56,0
DA:57,0
DA:60,1
DA:61,1
DA:62,1
DA:63,0
DA:64,0
DA:67,1
DA:68,1
DA:69,1
DA:70,0
DA:71,0
DA:74,1
DA:75,0
DA:76,0
DA:78,1
DA:79,1
DA:84,1
DA:85,1
DA:86,1
DA:87,1
DA:88,0
DA:89,0
DA:91,1
DA:95,1
DA:97,1
DA:98,1
DA:100,1
DA:101,1
DA:103,0
DA:104,0
DA:106,1
DA:107,1
DA:108,1
DA:109,1
DA:110,1
DA:112,1
DA:113,1
DA:114,1
DA:116,1
DA:119,1
DA:121,0
DA:124,1
DA:125,1
DA:126,1
DA:127,1
DA:128,1
DA:130,1
DA:131,1
DA:132,1
DA:134,1
DA:137,1
DA:139,0
DA:140,0
DA:142,1
DA:143,1
DA:144,1
DA:145,1
DA:146,1
DA:148,1
DA:149,1
DA:150,1
DA:152,1
DA:162,1
DA:163,1
DA:165,1
DA:166,1
DA:168,1
DA:170,1
DA:172,1
DA:174,1
DA:175,3
DA:187,1
DA:189,1
DA:191,1
DA:193,1
DA:195,0
DA:196,0
DA:197,0
DA:199,0
DA:200,0
DA:201,0
DA:204,0
DA:207,0
DA:208,0
DA:209,0
DA:210,0
DA:211,0
DA:212,0
DA:214,0
DA:220,2
LF:116
LH:85
end_of_record
SF:lib/features/tvs/presentation/pages/now_playing_tv_show_page.dart
DA:9,1
DA:10,1
DA:14,1
DA:16,1
DA:17,4
DA:20,1
DA:22,1
DA:23,1
DA:24,1
DA:26,1
DA:28,1
DA:29,1
DA:30,1
DA:31,1
DA:32,1
DA:34,1
DA:35,1
DA:36,0
DA:37,0
DA:38,0
DA:40,2
DA:42,1
DA:43,1
DA:44,1
DA:45,2
DA:48,0
DA:49,0
DA:50,0
LF:28
LH:22
end_of_record
SF:lib/features/tvs/presentation/pages/popular_tv_show_page.dart
DA:9,1
DA:10,1
DA:14,1
DA:16,1
DA:17,4
DA:20,1
DA:22,1
DA:23,1
DA:24,1
DA:26,1
DA:28,1
DA:29,1
DA:30,1
DA:31,1
DA:32,1
DA:34,1
DA:35,1
DA:36,0
DA:37,0
DA:38,0
DA:40,2
DA:42,1
DA:43,1
DA:44,1
DA:45,2
DA:48,0
DA:49,0
LF:27
LH:22
end_of_record
SF:lib/features/tvs/presentation/pages/top_rated_tv_show_page.dart
DA:9,1
DA:10,1
DA:14,1
DA:16,1
DA:17,4
DA:20,1
DA:22,1
DA:23,1
DA:24,1
DA:26,1
DA:28,1
DA:29,1
DA:30,1
DA:31,1
DA:32,1
DA:34,1
DA:35,1
DA:36,0
DA:37,0
DA:38,0
DA:40,2
DA:42,1
DA:43,1
DA:44,1
DA:45,2
DA:48,0
DA:49,0
LF:27
LH:22
end_of_record
SF:lib/features/tvs/presentation/pages/tv_search_page.dart
DA:11,1
DA:13,1
DA:14,1
DA:15,1
DA:17,1
DA:19,1
DA:21,1
DA:22,1
DA:23,0
DA:24,0
DA:27,0
DA:29,1
DA:31,1
DA:32,1
DA:36,1
DA:37,1
DA:39,1
DA:41,1
DA:42,1
DA:43,1
DA:44,1
DA:45,1
DA:47,1
DA:48,1
DA:49,1
DA:51,0
DA:52,0
DA:53,0
DA:55,2
DA:58,1
DA:59,1
DA:60,2
DA:63,0
DA:64,0
DA:65,0
LF:35
LH:26
end_of_record
SF:lib/features/tvs/presentation/pages/tv_show_detail_page.dart
DA:17,1
DA:19,1
DA:20,1
DA:24,1
DA:26,1
DA:27,6
DA:28,6
DA:29,6
DA:32,1
DA:34,1
DA:35,1
DA:36,1
DA:37,1
DA:38,1
DA:39,1
DA:41,1
DA:42,1
DA:43,1
DA:44,1
DA:46,0
DA:47,0
DA:49,0
DA:60,1
DA:61,1
DA:63,3
DA:64,1
DA:65,1
DA:66,1
DA:67,1
DA:68,3
DA:70,2
DA:71,1
DA:73,0
DA:75,1
DA:77,1
DA:78,1
DA:79,1
DA:80,1
DA:82,2
DA:89,1
DA:90,1
DA:91,1
DA:93,1
DA:95,1
DA:97,1
DA:98,1
DA:99,2
DA:100,1
DA:102,1
DA:104,1
DA:105,1
DA:106,1
DA:107,1
DA:108,1
DA:109,2
DA:110,2
DA:112,1
DA:114,1
DA:115,1
DA:116,1
DA:122,1
DA:124,1
DA:125,1
DA:126,1
DA:127,0
DA:129,0
DA:130,0
DA:132,0
DA:133,0
DA:135,1
DA:137,1
DA:138,1
DA:139,1
DA:144,1
DA:145,1
DA:147,1
DA:148,3
DA:150,1
DA:151,4
DA:153,1
DA:155,1
DA:156,1
DA:157,1
DA:165,1
DA:166,3
DA:167,1
DA:169,1
DA:170,4
DA:171,1
DA:173,1
DA:174,1
DA:175,1
DA:176,3
DA:178,2
DA:184,4
DA:187,1
DA:188,1
DA:190,1
DA:192,1
DA:193,2
DA:195,1
DA:196,1
DA:198,1
DA:200,1
DA:202,1
DA:203,1
DA:205,1
DA:206,3
DA:207,1
DA:209,1
DA:210,1
DA:211,1
DA:213,1
DA:214,1
DA:215,1
DA:216,1
DA:217,2
DA:219,0
DA:220,2
DA:221,1
DA:222,1
DA:224,1
DA:227,0
DA:228,0
DA:231,1
DA:232,1
DA:233,1
DA:235,1
DA:236,2
DA:237,1
DA:244,3
DA:247,1
DA:248,1
DA:250,1
DA:252,1
DA:254,1
DA:255,1
DA:256,0
DA:257,0
DA:260,1
DA:261,0
DA:263,1
DA:264,1
DA:266,1
DA:268,0
DA:270,0
DA:271,0
DA:273,0
DA:274,0
DA:275,0
DA:278,0
DA:281,0
DA:282,0
DA:283,0
DA:285,0
DA:287,0
DA:288,0
DA:289,0
DA:291,0
DA:294,0
DA:295,0
DA:301,2
DA:305,0
DA:313,1
DA:315,1
DA:330,1
DA:332,1
DA:335,1
DA:336,1
DA:337,0
DA:338,0
DA:347,1
DA:349,2
DA:350,3
DA:353,1
DA:357,3
DA:360,1
DA:361,1
DA:362,1
DA:364,1
DA:365,1
DA:367,0
LF:182
LH:146
end_of_record
SF:lib/features/tvs/presentation/pages/watchlist_tv_page.dart
DA:11,1
DA:12,1
DA:16,1
DA:18,1
DA:19,4
DA:22,1
DA:24,1
DA:25,4
DA:28,1
DA:30,1
DA:31,1
DA:32,1
DA:34,1
DA:36,1
DA:37,1
DA:38,1
DA:39,1
DA:40,1
DA:42,1
DA:43,1
DA:44,0
DA:45,0
DA:46,0
DA:48,2
DA:50,1
DA:51,1
DA:52,1
DA:53,2
DA:56,0
DA:57,0
DA:58,0
DA:67,1
DA:69,2
DA:70,1
LF:34
LH:28
end_of_record
SF:lib/features/tvs/presentation/widgets/tv_card_list.dart
DA:10,0
DA:12,0
DA:14,0
DA:16,0
DA:17,0
DA:18,0
DA:21,0
DA:24,0
DA:26,0
DA:27,0
DA:28,0
DA:34,0
DA:36,0
DA:37,0
DA:38,0
DA:41,0
DA:43,0
DA:44,0
DA:45,0
DA:46,0
DA:47,0
DA:57,0
DA:62,0
DA:63,0
DA:64,0
DA:66,0
DA:67,0
DA:69,0
DA:71,0
LF:29
LH:0
end_of_record
SF:lib/common/constants.dart
DA:15,6
DA:16,3
DA:17,30
DA:19,0
DA:21,3
DA:25,0
DA:26,0
DA:27,0
DA:28,0
DA:29,0
LF:10
LH:4
end_of_record
SF:lib/features/tvs/domain/usecases/get_watch_list_tv.dart
DA:10,1
DA:12,1
DA:13,2
LF:3
LH:3
end_of_record
SF:lib/features/tvs/domain/usecases/get_watch_list_tv_status.dart
DA:6,1
DA:8,1
DA:9,2
LF:3
LH:3
end_of_record
SF:lib/features/tvs/domain/usecases/remove_watchlist_tv.dart
DA:10,1
DA:12,1
DA:13,2
LF:3
LH:3
end_of_record
SF:lib/features/tvs/domain/usecases/save_watch_list_tv.dart
DA:10,1
DA:12,1
DA:13,2
LF:3
LH:3
end_of_record
SF:lib/features/tvs/domain/usecases/get_tv_show_detail.dart
DA:10,1
DA:12,1
DA:13,2
LF:3
LH:3
end_of_record
SF:lib/features/tvs/domain/usecases/get_top_rated_tv_show.dart
DA:10,1
DA:12,1
DA:13,2
LF:3
LH:3
end_of_record
SF:lib/features/tvs/domain/usecases/search_tv.dart
DA:10,1
DA:12,1
DA:13,2
LF:3
LH:3
end_of_record
SF:lib/features/tvs/domain/usecases/get_popular_tv.dart
DA:10,1
DA:12,1
DA:13,2
LF:3
LH:3
end_of_record
SF:lib/features/tvs/domain/usecases/get_now_playing_tv_show.dart
DA:10,1
DA:12,1
DA:13,2
LF:3
LH:3
end_of_record
SF:lib/features/movies/domain/usecases/get_now_playing_movies.dart
DA:9,1
DA:11,1
DA:12,2
LF:3
LH:3
end_of_record
SF:lib/features/movies/domain/usecases/get_popular_movies.dart
DA:10,1
DA:12,1
DA:13,2
LF:3
LH:3
end_of_record
SF:lib/features/movies/domain/usecases/get_top_rated_movies.dart
DA:10,1
DA:12,1
DA:13,2
LF:3
LH:3
end_of_record
SF:lib/features/movies/domain/usecases/search_movies.dart
DA:10,1
DA:12,1
DA:13,2
LF:3
LH:3
end_of_record
SF:lib/features/movies/presentation/widgets/movie_card_list.dart
DA:11,5
DA:13,5
DA:15,5
DA:17,5
DA:18,0
DA:19,0
DA:22,0
DA:25,5
DA:27,5
DA:28,5
DA:29,5
DA:35,5
DA:37,5
DA:38,5
DA:39,10
DA:42,5
DA:44,5
DA:45,10
DA:46,5
DA:47,5
DA:48,10
DA:58,5
DA:63,5
DA:64,5
DA:65,15
DA:67,10
DA:68,5
DA:70,0
DA:72,10
LF:29
LH:25
end_of_record
SF:lib/features/movies/domain/usecases/get_movie_detail.dart
DA:10,1
DA:12,1
DA:13,2
LF:3
LH:3
end_of_record
SF:lib/features/movies/domain/usecases/get_movie_recommendations.dart
DA:10,1
DA:12,1
DA:13,2
LF:3
LH:3
end_of_record
SF:lib/features/movies/domain/usecases/get_watchlist_movies.dart
DA:10,1
DA:12,1
DA:13,2
LF:3
LH:3
end_of_record
SF:lib/features/movies/domain/usecases/get_watchlist_status.dart
DA:6,1
DA:8,1
DA:9,2
LF:3
LH:3
end_of_record
SF:lib/features/movies/domain/usecases/remove_watchlist.dart
DA:9,1
DA:11,1
DA:12,2
LF:3
LH:3
end_of_record
SF:lib/features/movies/domain/usecases/save_watchlist.dart
DA:10,1
DA:12,1
DA:13,2
LF:3
LH:3
end_of_record
SF:lib/features/tvs/data/repositories/tv_repository_impl.dart
DA:18,1
DA:24,1
DA:26,3
DA:27,5
DA:28,1
DA:29,2
DA:30,1
DA:31,2
DA:32,0
DA:33,0
DA:38,1
DA:40,3
DA:41,5
DA:42,1
DA:43,2
DA:44,1
DA:45,2
DA:46,0
DA:47,0
DA:52,1
DA:54,3
DA:55,5
DA:56,1
DA:57,2
DA:58,1
DA:59,2
DA:60,0
DA:61,0
DA:66,0
DA:68,0
DA:69,0
DA:70,0
DA:71,0
DA:72,0
DA:73,0
DA:74,0
DA:75,0
DA:80,0
DA:82,0
DA:83,0
DA:84,0
DA:85,0
DA:86,0
DA:87,0
DA:88,0
DA:89,0
DA:94,1
DA:95,3
DA:96,5
DA:100,1
DA:101,3
DA:106,1
DA:109,4
DA:110,1
DA:111,1
DA:112,3
DA:117,1
DA:120,4
DA:121,1
DA:122,1
DA:123,3
DA:130,1
DA:132,3
DA:133,5
DA:134,1
DA:135,2
DA:136,1
DA:137,2
LF:68
LH:44
end_of_record
SF:lib/features/movies/data/repositories/movie_repository_impl.dart
DA:18,1
DA:24,1
DA:26,3
DA:27,5
DA:28,1
DA:29,2
DA:30,1
DA:31,2
DA:36,1
DA:38,3
DA:39,2
DA:40,1
DA:41,2
DA:42,1
DA:43,2
DA:44,0
DA:45,0
DA:50,1
DA:52,3
DA:53,3
DA:54,1
DA:55,2
DA:56,1
DA:57,2
DA:58,0
DA:59,0
DA:64,1
DA:66,3
DA:67,5
DA:68,1
DA:69,2
DA:70,1
DA:71,2
DA:72,0
DA:73,0
DA:78,1
DA:80,3
DA:81,5
DA:82,1
DA:83,2
DA:84,1
DA:85,2
DA:86,0
DA:87,0
DA:92,1
DA:94,3
DA:95,5
DA:96,1
DA:97,2
DA:98,1
DA:99,2
DA:100,0
DA:101,0
DA:106,1
DA:109,4
DA:110,1
DA:111,1
DA:112,3
DA:119,1
DA:122,4
DA:123,1
DA:124,1
DA:125,3
DA:130,1
DA:131,3
DA:136,1
DA:137,3
DA:138,5
LF:68
LH:58
end_of_record
